Compiling 37 files with 0.8.20
Solc 0.8.20 finished in 10.06s
Compiler run [33msuccessful with warnings:[0m
[1;33mWarning (5667)[0m[1;37m: Unused function parameter. Remove or comment out the variable name to silence this warning.[0m
  [34m-->[0m src/TSwapPool.sol:96:9:
[34m   |[0m
[34m96 |[0m         [33muint64 deadline[0m
[34m   |[0m         [1;33m^^^^^^^^^^^^^^^[0m

[1;33mWarning (2072)[0m[1;37m: Unused local variable.[0m
   [34m-->[0m src/TSwapPool.sol:107:13:
[34m    |[0m
[34m107 |[0m             [33muint256 poolTokenReserves[0m = i_poolToken.balanceOf(address(this));
[34m    |[0m             [1;33m^^^^^^^^^^^^^^^^^^^^^^^^^[0m

[1;33mWarning (5667)[0m[1;37m: Unused function parameter. Remove or comment out the variable name to silence this warning.[0m
   [34m-->[0m src/TSwapPool.sol:257:18:
[34m    |[0m
[34m257 |[0m         returns ([33muint256 output[0m)
[34m    |[0m                  [1;33m^^^^^^^^^^^^^^[0m

Analysing contracts...
Running tests...
| File                     | % Lines        | % Statements    | % Branches    | % Funcs       |
|--------------------------|----------------|-----------------|---------------|---------------|
| script/DeployTSwap.t.sol | 0.00% (0/6)    | 0.00% (0/7)     | 0.00% (0/2)   | 0.00% (0/1)   |
| src/PoolFactory.sol      | 91.67% (11/12) | 94.12% (16/17)  | 100.00% (2/2) | 75.00% (3/4)  |
| src/TSwapPool.sol        | 53.73% (36/67) | 55.34% (57/103) | 35.00% (7/20) | 35.29% (6/17) |
| Total                    | 55.29% (47/85) | 57.48% (73/127) | 37.50% (9/24) | 40.91% (9/22) |
