Compiling 37 files with 0.8.20
Solc 0.8.20 finished in 9.66s
Compiler run [33msuccessful with warnings:[0m
[1;33mWarning (5667)[0m[1;37m: Unused function parameter. Remove or comment out the variable name to silence this warning.[0m
  [34m-->[0m src/TSwapPool.sol:96:9:
[34m   |[0m
[34m96 |[0m         [33muint64 deadline[0m
[34m   |[0m         [1;33m^^^^^^^^^^^^^^^[0m

[1;33mWarning (2072)[0m[1;37m: Unused local variable.[0m
   [34m-->[0m src/TSwapPool.sol:107:13:
[34m    |[0m
[34m107 |[0m             [33muint256 poolTokenReserves[0m = i_poolToken.balanceOf(address(this));
[34m    |[0m             [1;33m^^^^^^^^^^^^^^^^^^^^^^^^^[0m

[1;33mWarning (5667)[0m[1;37m: Unused function parameter. Remove or comment out the variable name to silence this warning.[0m
   [34m-->[0m src/TSwapPool.sol:257:18:
[34m    |[0m
[34m257 |[0m         returns ([33muint256 output[0m)
[34m    |[0m                  [1;33m^^^^^^^^^^^^^^[0m

Analysing contracts...
Running tests...
Uncovered for script/DeployTSwap.t.sol:
- Function "run" (location: source ID 32, line 13, chars 469-842, hits: 0)
- Line (location: source ID 32, line 14, chars 501-520, hits: 0)
- Statement (location: source ID 32, line 14, chars 501-520, hits: 0)
- Line (location: source ID 32, line 15, chars 534-567, hits: 0)
- Statement (location: source ID 32, line 15, chars 534-567, hits: 0)
- Branch (branch: 0, path: 0) (location: source ID 32, line 15, chars 530-693, hits: 0)
- Branch (branch: 0, path: 1) (location: source ID 32, line 15, chars 530-693, hits: 0)
- Line (location: source ID 32, line 16, chars 583-618, hits: 0)
- Statement (location: source ID 32, line 16, chars 583-618, hits: 0)
- Line (location: source ID 32, line 19, chars 713-749, hits: 0)
- Statement (location: source ID 32, line 19, chars 713-749, hits: 0)
- Statement (location: source ID 32, line 19, chars 734-749, hits: 0)
- Line (location: source ID 32, line 20, chars 763-797, hits: 0)
- Statement (location: source ID 32, line 20, chars 763-797, hits: 0)
- Line (location: source ID 32, line 22, chars 817-835, hits: 0)
- Statement (location: source ID 32, line 22, chars 817-835, hits: 0)

Uncovered for src/PoolFactory.sol:
- Function "getWethToken" (location: source ID 33, line 71, chars 2974-3065, hits: 0)
- Line (location: source ID 33, line 72, chars 3040-3058, hits: 0)
- Statement (location: source ID 33, line 72, chars 3040-3058, hits: 0)

Uncovered for src/TSwapPool.sol:
- Branch (branch: 0, path: 0) (location: source ID 34, line 102, chars 4520-4669, hits: 0)
- Line (location: source ID 34, line 103, chars 4578-4658, hits: 0)
- Statement (location: source ID 34, line 103, chars 4578-4658, hits: 0)
- Branch (branch: 1, path: 0) (location: source ID 34, line 105, chars 4678-6654, hits: 0)
- Branch (branch: 1, path: 1) (location: source ID 34, line 105, chars 4678-6654, hits: 0)
- Line (location: source ID 34, line 106, chars 4729-4788, hits: 0)
- Statement (location: source ID 34, line 106, chars 4729-4788, hits: 0)
- Statement (location: source ID 34, line 106, chars 4752-4788, hits: 0)
- Line (location: source ID 34, line 107, chars 4802-4866, hits: 0)
- Statement (location: source ID 34, line 107, chars 4802-4866, hits: 0)
- Statement (location: source ID 34, line 107, chars 4830-4866, hits: 0)
- Line (location: source ID 34, line 123, chars 5897-5975, hits: 0)
- Statement (location: source ID 34, line 123, chars 5897-5975, hits: 0)
- Statement (location: source ID 34, line 123, chars 5927-5975, hits: 0)
- Line (location: source ID 34, line 124, chars 5993-6041, hits: 0)
- Statement (location: source ID 34, line 124, chars 5993-6041, hits: 0)
- Branch (branch: 2, path: 0) (location: source ID 34, line 124, chars 5989-6169, hits: 0)
- Branch (branch: 2, path: 1) (location: source ID 34, line 124, chars 5989-6169, hits: 0)
- Line (location: source ID 34, line 125, chars 6061-6154, hits: 0)
- Statement (location: source ID 34, line 125, chars 6061-6154, hits: 0)
- Line (location: source ID 34, line 129, chars 6255-6337, hits: 0)
- Statement (location: source ID 34, line 129, chars 6255-6337, hits: 0)
- Line (location: source ID 34, line 130, chars 6355-6407, hits: 0)
- Statement (location: source ID 34, line 130, chars 6355-6407, hits: 0)
- Branch (branch: 3, path: 0) (location: source ID 34, line 130, chars 6351-6543, hits: 0)
- Branch (branch: 3, path: 1) (location: source ID 34, line 130, chars 6351-6543, hits: 0)
- Line (location: source ID 34, line 131, chars 6427-6528, hits: 0)
- Statement (location: source ID 34, line 131, chars 6427-6528, hits: 0)
- Line (location: source ID 34, line 133, chars 6556-6643, hits: 0)
- Statement (location: source ID 34, line 133, chars 6556-6643, hits: 0)
- Branch (branch: 4, path: 0) (location: source ID 34, line 184, chars 8971-9101, hits: 0)
- Line (location: source ID 34, line 185, chars 9025-9090, hits: 0)
- Statement (location: source ID 34, line 185, chars 9025-9090, hits: 0)
- Branch (branch: 5, path: 0) (location: source ID 34, line 187, chars 9110-9264, hits: 0)
- Line (location: source ID 34, line 188, chars 9176-9253, hits: 0)
- Statement (location: source ID 34, line 188, chars 9176-9253, hits: 0)
- Function "getOutputAmountBasedOnInput" (location: source ID 34, line 202, chars 9720-11191, hits: 0)
- Function "getInputAmountBasedOnOutput" (location: source ID 34, line 233, chars 11197-11581, hits: 0)
- Line (location: source ID 34, line 244, chars 11485-11574, hits: 0)
- Statement (location: source ID 34, line 244, chars 11485-11574, hits: 0)
- Statement (location: source ID 34, line 244, chars 11492-11574, hits: 0)
- Branch (branch: 6, path: 0) (location: source ID 34, line 264, chars 12142-12264, hits: 0)
- Line (location: source ID 34, line 265, chars 12192-12253, hits: 0)
- Statement (location: source ID 34, line 265, chars 12192-12253, hits: 0)
- Function "swapExactOutput" (location: source ID 34, line 271, chars 12344-12930, hits: 0)
- Line (location: source ID 34, line 282, chars 12628-12687, hits: 0)
- Statement (location: source ID 34, line 282, chars 12628-12687, hits: 0)
- Statement (location: source ID 34, line 282, chars 12652-12687, hits: 0)
- Line (location: source ID 34, line 283, chars 12697-12758, hits: 0)
- Statement (location: source ID 34, line 283, chars 12697-12758, hits: 0)
- Statement (location: source ID 34, line 283, chars 12722-12758, hits: 0)
- Line (location: source ID 34, line 285, chars 12769-12855, hits: 0)
- Statement (location: source ID 34, line 285, chars 12769-12855, hits: 0)
- Line (location: source ID 34, line 287, chars 12866-12923, hits: 0)
- Statement (location: source ID 34, line 287, chars 12866-12923, hits: 0)
- Function "sellPoolTokens" (location: source ID 34, line 295, chars 13164-13358, hits: 0)
- Line (location: source ID 34, line 296, chars 13261-13351, hits: 0)
- Statement (location: source ID 34, line 296, chars 13261-13351, hits: 0)
- Statement (location: source ID 34, line 296, chars 13268-13351, hits: 0)
- Branch (branch: 7, path: 0) (location: source ID 34, line 309, chars 14012-14153, hits: 0)
- Line (location: source ID 34, line 310, chars 14110-14142, hits: 0)
- Statement (location: source ID 34, line 310, chars 14110-14142, hits: 0)
- Branch (branch: 8, path: 0) (location: source ID 34, line 314, chars 14185-14335, hits: 0)
- Line (location: source ID 34, line 315, chars 14233-14247, hits: 0)
- Statement (location: source ID 34, line 315, chars 14233-14247, hits: 0)
- Line (location: source ID 34, line 316, chars 14261-14324, hits: 0)
- Statement (location: source ID 34, line 316, chars 14261-14324, hits: 0)
- Branch (branch: 9, path: 0) (location: source ID 34, line 325, chars 14640-14726, hits: 0)
- Line (location: source ID 34, line 326, chars 14704-14715, hits: 0)
- Statement (location: source ID 34, line 326, chars 14704-14715, hits: 0)
- Function "getPoolTokensToDepositBasedOnWeth" (location: source ID 34, line 334, chars 14951-15262, hits: 0)
- Line (location: source ID 34, line 335, chars 15057-15121, hits: 0)
- Statement (location: source ID 34, line 335, chars 15057-15121, hits: 0)
- Statement (location: source ID 34, line 335, chars 15085-15121, hits: 0)
- Line (location: source ID 34, line 336, chars 15131-15190, hits: 0)
- Statement (location: source ID 34, line 336, chars 15131-15190, hits: 0)
- Statement (location: source ID 34, line 336, chars 15154-15190, hits: 0)
- Line (location: source ID 34, line 337, chars 15200-15255, hits: 0)
- Statement (location: source ID 34, line 337, chars 15200-15255, hits: 0)
- Statement (location: source ID 34, line 337, chars 15207-15255, hits: 0)
- Statement (location: source ID 34, line 337, chars 15207-15240, hits: 0)
- Function "totalLiquidityTokenSupply" (location: source ID 34, line 341, chars 15351-15455, hits: 0)
- Function "getPoolToken" (location: source ID 34, line 345, chars 15461-15561, hits: 0)
- Line (location: source ID 34, line 346, chars 15527-15554, hits: 0)
- Statement (location: source ID 34, line 346, chars 15527-15554, hits: 0)
- Statement (location: source ID 34, line 346, chars 15534-15554, hits: 0)
- Function "getWeth" (location: source ID 34, line 349, chars 15567-15662, hits: 0)
- Line (location: source ID 34, line 350, chars 15628-15655, hits: 0)
- Statement (location: source ID 34, line 350, chars 15628-15655, hits: 0)
- Statement (location: source ID 34, line 350, chars 15635-15655, hits: 0)
- Function "getMinimumWethDepositAmount" (location: source ID 34, line 353, chars 15668-15785, hits: 0)
- Line (location: source ID 34, line 354, chars 15749-15778, hits: 0)
- Statement (location: source ID 34, line 354, chars 15749-15778, hits: 0)
- Function "getPriceOfOneWethInPoolTokens" (location: source ID 34, line 357, chars 15791-16019, hits: 0)
- Line (location: source ID 34, line 358, chars 15874-16012, hits: 0)
- Statement (location: source ID 34, line 358, chars 15874-16012, hits: 0)
- Statement (location: source ID 34, line 358, chars 15881-16012, hits: 0)
- Function "getPriceOfOnePoolTokenInWeth" (location: source ID 34, line 363, chars 16025-16252, hits: 0)
- Line (location: source ID 34, line 364, chars 16107-16245, hits: 0)
- Statement (location: source ID 34, line 364, chars 16107-16245, hits: 0)
- Statement (location: source ID 34, line 364, chars 16114-16245, hits: 0)

Anchors for Contract "PoolFactory" (solc 0.8.20+commit.a1b79de6.Darwin.appleclang, source ID 33):
- IC 175 -> Item 223
  - Refers to item: Function "createPool" (location: source ID 33, line 47, chars 1858-2547, hits: 3)
- IC 431 -> Item 224
  - Refers to item: Line (location: source ID 33, line 48, chars 1941-1976, hits: 3)
- IC 431 -> Item 225
  - Refers to item: Statement (location: source ID 33, line 48, chars 1941-1976, hits: 3)
- IC 431 -> Item 226
  - Refers to item: Statement (location: source ID 33, line 48, chars 1966-1976, hits: 3)
- IC 577 -> Item 227
  - Refers to item: Branch (branch: 0, path: 0) (location: source ID 33, line 48, chars 1937-2054, hits: 1)
- IC 639 -> Item 228
  - Refers to item: Branch (branch: 0, path: 1) (location: source ID 33, line 48, chars 1937-2054, hits: 2)
- IC 577 -> Item 229
  - Refers to item: Line (location: source ID 33, line 49, chars 1992-2043, hits: 1)
- IC 577 -> Item 230
  - Refers to item: Statement (location: source ID 33, line 49, chars 1992-2043, hits: 1)
- IC 640 -> Item 231
  - Refers to item: Line (location: source ID 33, line 51, chars 2063-2151, hits: 2)
- IC 640 -> Item 232
  - Refers to item: Statement (location: source ID 33, line 51, chars 2063-2151, hits: 2)
- IC 642 -> Item 233
  - Refers to item: Statement (location: source ID 33, line 51, chars 2098-2151, hits: 2)
- IC 796 -> Item 234
  - Refers to item: Line (location: source ID 33, line 52, chars 2161-2246, hits: 2)
- IC 796 -> Item 235
  - Refers to item: Statement (location: source ID 33, line 52, chars 2161-2246, hits: 2)
- IC 798 -> Item 236
  - Refers to item: Statement (location: source ID 33, line 52, chars 2198-2246, hits: 2)
- IC 952 -> Item 237
  - Refers to item: Line (location: source ID 33, line 53, chars 2256-2356, hits: 2)
- IC 952 -> Item 238
  - Refers to item: Statement (location: source ID 33, line 53, chars 2256-2356, hits: 2)
- IC 954 -> Item 239
  - Refers to item: Statement (location: source ID 33, line 53, chars 2274-2356, hits: 2)
- IC 1051 -> Item 240
  - Refers to item: Line (location: source ID 33, line 54, chars 2366-2404, hits: 2)
- IC 1051 -> Item 241
  - Refers to item: Statement (location: source ID 33, line 54, chars 2366-2404, hits: 2)
- IC 1176 -> Item 242
  - Refers to item: Line (location: source ID 33, line 55, chars 2414-2453, hits: 2)
- IC 1176 -> Item 243
  - Refers to item: Statement (location: source ID 33, line 55, chars 2414-2453, hits: 2)
- IC 1302 -> Item 244
  - Refers to item: Line (location: source ID 33, line 56, chars 2463-2509, hits: 2)
- IC 1302 -> Item 245
  - Refers to item: Statement (location: source ID 33, line 56, chars 2463-2509, hits: 2)
- IC 1361 -> Item 246
  - Refers to item: Line (location: source ID 33, line 57, chars 2519-2540, hits: 2)
- IC 1361 -> Item 247
  - Refers to item: Statement (location: source ID 33, line 57, chars 2519-2540, hits: 2)
- IC 1361 -> Item 248
  - Refers to item: Statement (location: source ID 33, line 57, chars 2526-2540, hits: 2)
- IC 229 -> Item 249
  - Refers to item: Function "getPool" (location: source ID 33, line 63, chars 2744-2860, hits: 1)
- IC 1374 -> Item 250
  - Refers to item: Line (location: source ID 33, line 64, chars 2825-2853, hits: 1)
- IC 1374 -> Item 251
  - Refers to item: Statement (location: source ID 33, line 64, chars 2825-2853, hits: 1)
- IC 121 -> Item 252
  - Refers to item: Function "getToken" (location: source ID 33, line 67, chars 2866-2968, hits: 1)
- IC 326 -> Item 253
  - Refers to item: Line (location: source ID 33, line 68, chars 2940-2961, hits: 1)
- IC 326 -> Item 254
  - Refers to item: Statement (location: source ID 33, line 68, chars 2940-2961, hits: 1)
- IC 87 -> Item 255
  - Refers to item: Function "getWethToken" (location: source ID 33, line 71, chars 2974-3065, hits: 0)
- IC 286 -> Item 256
  - Refers to item: Line (location: source ID 33, line 72, chars 3040-3058, hits: 0)
- IC 286 -> Item 257
  - Refers to item: Statement (location: source ID 33, line 72, chars 3040-3058, hits: 0)

Anchors for Contract "DeployTSwap" (solc 0.8.20+commit.a1b79de6.Darwin.appleclang, source ID 32):
- IC 111 -> Item 207
  - Refers to item: Function "run" (location: source ID 32, line 13, chars 469-842, hits: 0)
- IC 223 -> Item 208
  - Refers to item: Line (location: source ID 32, line 14, chars 501-520, hits: 0)
- IC 223 -> Item 209
  - Refers to item: Statement (location: source ID 32, line 14, chars 501-520, hits: 0)
- IC 320 -> Item 210
  - Refers to item: Line (location: source ID 32, line 15, chars 534-567, hits: 0)
- IC 320 -> Item 211
  - Refers to item: Statement (location: source ID 32, line 15, chars 534-567, hits: 0)
- IC 387 -> Item 212
  - Refers to item: Branch (branch: 0, path: 0) (location: source ID 32, line 15, chars 530-693, hits: 0)
- IC 396 -> Item 213
  - Refers to item: Branch (branch: 0, path: 1) (location: source ID 32, line 15, chars 530-693, hits: 0)
- IC 347 -> Item 214
  - Refers to item: Line (location: source ID 32, line 16, chars 583-618, hits: 0)
- IC 347 -> Item 215
  - Refers to item: Statement (location: source ID 32, line 16, chars 583-618, hits: 0)
- IC 404 -> Item 216
  - Refers to item: Line (location: source ID 32, line 19, chars 713-749, hits: 0)
- IC 404 -> Item 217
  - Refers to item: Statement (location: source ID 32, line 19, chars 713-749, hits: 0)
- IC 406 -> Item 218
  - Refers to item: Statement (location: source ID 32, line 19, chars 734-749, hits: 0)
- IC 449 -> Item 219
  - Refers to item: Line (location: source ID 32, line 20, chars 763-797, hits: 0)
- IC 449 -> Item 220
  - Refers to item: Statement (location: source ID 32, line 20, chars 763-797, hits: 0)
- IC 540 -> Item 221
  - Refers to item: Line (location: source ID 32, line 22, chars 817-835, hits: 0)
- IC 540 -> Item 222
  - Refers to item: Statement (location: source ID 32, line 22, chars 817-835, hits: 0)

Anchors for Contract "TSwapPool" (solc 0.8.20+commit.a1b79de6.Darwin.appleclang, source ID 34):
- IC 680 -> Item 0
  - Refers to item: Function "deposit" (location: source ID 34, line 92, chars 4236-7028, hits: 4)
- IC 2208 -> Item 1
  - Refers to item: Line (location: source ID 34, line 102, chars 4524-4562, hits: 4)
- IC 2208 -> Item 2
  - Refers to item: Statement (location: source ID 34, line 102, chars 4524-4562, hits: 4)
- IC 2215 -> Item 3
  - Refers to item: Branch (branch: 0, path: 0) (location: source ID 34, line 102, chars 4520-4669, hits: 0)
- IC 2281 -> Item 4
  - Refers to item: Branch (branch: 0, path: 1) (location: source ID 34, line 102, chars 4520-4669, hits: 4)
- IC 2220 -> Item 5
  - Refers to item: Line (location: source ID 34, line 103, chars 4578-4658, hits: 0)
- IC 2220 -> Item 6
  - Refers to item: Statement (location: source ID 34, line 103, chars 4578-4658, hits: 0)
- IC 2282 -> Item 7
  - Refers to item: Line (location: source ID 34, line 105, chars 4682-4713, hits: 4)
- IC 2282 -> Item 8
  - Refers to item: Statement (location: source ID 34, line 105, chars 4682-4713, hits: 4)
- IC 2284 -> Item 9
  - Refers to item: Statement (location: source ID 34, line 105, chars 4682-4709, hits: 4)
- IC 2738 -> Item 10
  - Refers to item: Branch (branch: 1, path: 0) (location: source ID 34, line 105, chars 4678-6654, hits: 0)
- IC 2800 -> Item 11
  - Refers to item: Branch (branch: 1, path: 1) (location: source ID 34, line 105, chars 4678-6654, hits: 0)
- IC 2298 -> Item 12
  - Refers to item: Line (location: source ID 34, line 106, chars 4729-4788, hits: 0)
- IC 2298 -> Item 13
  - Refers to item: Statement (location: source ID 34, line 106, chars 4729-4788, hits: 0)
- IC 2300 -> Item 14
  - Refers to item: Statement (location: source ID 34, line 106, chars 4752-4788, hits: 0)
- IC 2456 -> Item 15
  - Refers to item: Line (location: source ID 34, line 107, chars 4802-4866, hits: 0)
- IC 2456 -> Item 16
  - Refers to item: Statement (location: source ID 34, line 107, chars 4802-4866, hits: 0)
- IC 2458 -> Item 17
  - Refers to item: Statement (location: source ID 34, line 107, chars 4830-4866, hits: 0)
- IC 2614 -> Item 18
  - Refers to item: Line (location: source ID 34, line 123, chars 5897-5975, hits: 0)
- IC 2614 -> Item 19
  - Refers to item: Statement (location: source ID 34, line 123, chars 5897-5975, hits: 0)
- IC 2616 -> Item 20
  - Refers to item: Statement (location: source ID 34, line 123, chars 5927-5975, hits: 0)
- IC 2627 -> Item 21
  - Refers to item: Line (location: source ID 34, line 124, chars 5993-6041, hits: 0)
- IC 2627 -> Item 22
  - Refers to item: Statement (location: source ID 34, line 124, chars 5993-6041, hits: 0)
- IC 2635 -> Item 23
  - Refers to item: Branch (branch: 2, path: 0) (location: source ID 34, line 124, chars 5989-6169, hits: 0)
- IC 2697 -> Item 24
  - Refers to item: Branch (branch: 2, path: 1) (location: source ID 34, line 124, chars 5989-6169, hits: 0)
- IC 2635 -> Item 25
  - Refers to item: Line (location: source ID 34, line 125, chars 6061-6154, hits: 0)
- IC 2635 -> Item 26
  - Refers to item: Statement (location: source ID 34, line 125, chars 6061-6154, hits: 0)
- IC 2698 -> Item 27
  - Refers to item: Line (location: source ID 34, line 129, chars 6255-6337, hits: 0)
- IC 2698 -> Item 28
  - Refers to item: Statement (location: source ID 34, line 129, chars 6255-6337, hits: 0)
- IC 2730 -> Item 29
  - Refers to item: Line (location: source ID 34, line 130, chars 6355-6407, hits: 0)
- IC 2730 -> Item 30
  - Refers to item: Statement (location: source ID 34, line 130, chars 6355-6407, hits: 0)
- IC 2738 -> Item 31
  - Refers to item: Branch (branch: 3, path: 0) (location: source ID 34, line 130, chars 6351-6543, hits: 0)
- IC 2800 -> Item 32
  - Refers to item: Branch (branch: 3, path: 1) (location: source ID 34, line 130, chars 6351-6543, hits: 0)
- IC 2738 -> Item 33
  - Refers to item: Line (location: source ID 34, line 131, chars 6427-6528, hits: 0)
- IC 2738 -> Item 34
  - Refers to item: Statement (location: source ID 34, line 131, chars 6427-6528, hits: 0)
- IC 2801 -> Item 35
  - Refers to item: Line (location: source ID 34, line 133, chars 6556-6643, hits: 0)
- IC 2801 -> Item 36
  - Refers to item: Statement (location: source ID 34, line 133, chars 6556-6643, hits: 0)
- IC 2820 -> Item 37
  - Refers to item: Line (location: source ID 34, line 137, chars 6874-6960, hits: 4)
- IC 2820 -> Item 38
  - Refers to item: Statement (location: source ID 34, line 137, chars 6874-6960, hits: 4)
- IC 2831 -> Item 39
  - Refers to item: Line (location: source ID 34, line 138, chars 6974-7011, hits: 4)
- IC 2831 -> Item 40
  - Refers to item: Statement (location: source ID 34, line 138, chars 6974-7011, hits: 4)
- IC 6998 -> Item 41
  - Refers to item: Function "_addLiquidityMintAndTransfer" (location: source ID 34, line 146, chars 7380-7876, hits: 4)
- IC 6999 -> Item 42
  - Refers to item: Line (location: source ID 34, line 153, chars 7561-7601, hits: 4)
- IC 6999 -> Item 43
  - Refers to item: Statement (location: source ID 34, line 153, chars 7561-7601, hits: 4)
- IC 7009 -> Item 44
  - Refers to item: Line (location: source ID 34, line 154, chars 7611-7678, hits: 4)
- IC 7009 -> Item 45
  - Refers to item: Statement (location: source ID 34, line 154, chars 7611-7678, hits: 4)
- IC 7089 -> Item 46
  - Refers to item: Line (location: source ID 34, line 157, chars 7713-7783, hits: 4)
- IC 7089 -> Item 47
  - Refers to item: Statement (location: source ID 34, line 157, chars 7713-7783, hits: 4)
- IC 7166 -> Item 48
  - Refers to item: Line (location: source ID 34, line 158, chars 7793-7869, hits: 4)
- IC 7166 -> Item 49
  - Refers to item: Statement (location: source ID 34, line 158, chars 7793-7869, hits: 4)
- IC 902 -> Item 50
  - Refers to item: Function "withdraw" (location: source ID 34, line 166, chars 8284-9533, hits: 2)
- IC 3847 -> Item 51
  - Refers to item: Line (location: source ID 34, line 179, chars 8690-8817, hits: 2)
- IC 3847 -> Item 52
  - Refers to item: Statement (location: source ID 34, line 179, chars 8690-8817, hits: 2)
- IC 3849 -> Item 53
  - Refers to item: Line (location: source ID 34, line 180, chars 8727-8817, hits: 2)
- IC 3849 -> Item 54
  - Refers to item: Statement (location: source ID 34, line 180, chars 8727-8817, hits: 2)
- IC 3857 -> Item 55
  - Refers to item: Statement (location: source ID 34, line 180, chars 8727-8787, hits: 2)
- IC 3857 -> Item 56
  - Refers to item: Statement (location: source ID 34, line 180, chars 8751-8787, hits: 2)
- IC 3849 -> Item 57
  - Refers to item: Statement (location: source ID 34, line 180, chars 8790-8817, hits: 2)
- IC 4034 -> Item 58
  - Refers to item: Line (location: source ID 34, line 181, chars 8827-8960, hits: 2)
- IC 4034 -> Item 59
  - Refers to item: Statement (location: source ID 34, line 181, chars 8827-8960, hits: 2)
- IC 4036 -> Item 60
  - Refers to item: Line (location: source ID 34, line 182, chars 8870-8960, hits: 2)
- IC 4036 -> Item 61
  - Refers to item: Statement (location: source ID 34, line 182, chars 8870-8960, hits: 2)
- IC 4044 -> Item 62
  - Refers to item: Statement (location: source ID 34, line 182, chars 8870-8930, hits: 2)
- IC 4044 -> Item 63
  - Refers to item: Statement (location: source ID 34, line 182, chars 8894-8930, hits: 2)
- IC 4036 -> Item 64
  - Refers to item: Statement (location: source ID 34, line 182, chars 8933-8960, hits: 2)
- IC 4221 -> Item 65
  - Refers to item: Line (location: source ID 34, line 184, chars 8975-9009, hits: 2)
- IC 4221 -> Item 66
  - Refers to item: Statement (location: source ID 34, line 184, chars 8975-9009, hits: 2)
- IC 4229 -> Item 67
  - Refers to item: Branch (branch: 4, path: 0) (location: source ID 34, line 184, chars 8971-9101, hits: 0)
- IC 4291 -> Item 68
  - Refers to item: Branch (branch: 4, path: 1) (location: source ID 34, line 184, chars 8971-9101, hits: 2)
- IC 4229 -> Item 69
  - Refers to item: Line (location: source ID 34, line 185, chars 9025-9090, hits: 0)
- IC 4229 -> Item 70
  - Refers to item: Statement (location: source ID 34, line 185, chars 9025-9090, hits: 0)
- IC 4292 -> Item 71
  - Refers to item: Line (location: source ID 34, line 187, chars 9114-9160, hits: 2)
- IC 4292 -> Item 72
  - Refers to item: Statement (location: source ID 34, line 187, chars 9114-9160, hits: 2)
- IC 4300 -> Item 73
  - Refers to item: Branch (branch: 5, path: 0) (location: source ID 34, line 187, chars 9110-9264, hits: 0)
- IC 4362 -> Item 74
  - Refers to item: Branch (branch: 5, path: 1) (location: source ID 34, line 187, chars 9110-9264, hits: 2)
- IC 4300 -> Item 75
  - Refers to item: Line (location: source ID 34, line 188, chars 9176-9253, hits: 0)
- IC 4300 -> Item 76
  - Refers to item: Statement (location: source ID 34, line 188, chars 9176-9253, hits: 0)
- IC 4363 -> Item 77
  - Refers to item: Line (location: source ID 34, line 191, chars 9274-9314, hits: 2)
- IC 4363 -> Item 78
  - Refers to item: Statement (location: source ID 34, line 191, chars 9274-9314, hits: 2)
- IC 4373 -> Item 79
  - Refers to item: Line (location: source ID 34, line 192, chars 9324-9395, hits: 2)
- IC 4373 -> Item 80
  - Refers to item: Statement (location: source ID 34, line 192, chars 9324-9395, hits: 2)
- IC 4453 -> Item 81
  - Refers to item: Line (location: source ID 34, line 194, chars 9406-9458, hits: 2)
- IC 4453 -> Item 82
  - Refers to item: Statement (location: source ID 34, line 194, chars 9406-9458, hits: 2)
- IC 4528 -> Item 83
  - Refers to item: Line (location: source ID 34, line 195, chars 9468-9526, hits: 2)
- IC 4528 -> Item 84
  - Refers to item: Statement (location: source ID 34, line 195, chars 9468-9526, hits: 2)
- IC 776 -> Item 85
  - Refers to item: Function "getOutputAmountBasedOnInput" (location: source ID 34, line 202, chars 9720-11191, hits: 0)
- IC 3404 -> Item 86
  - Refers to item: Line (location: source ID 34, line 227, chars 10955-11002, hits: 2)
- IC 3404 -> Item 87
  - Refers to item: Statement (location: source ID 34, line 227, chars 10955-11002, hits: 2)
- IC 3406 -> Item 88
  - Refers to item: Statement (location: source ID 34, line 227, chars 10985-11002, hits: 2)
- IC 3422 -> Item 89
  - Refers to item: Line (location: source ID 34, line 228, chars 11012-11068, hits: 2)
- IC 3422 -> Item 90
  - Refers to item: Statement (location: source ID 34, line 228, chars 11012-11068, hits: 2)
- IC 3424 -> Item 91
  - Refers to item: Statement (location: source ID 34, line 228, chars 11032-11068, hits: 2)
- IC 3438 -> Item 92
  - Refers to item: Line (location: source ID 34, line 229, chars 11078-11144, hits: 2)
- IC 3438 -> Item 93
  - Refers to item: Statement (location: source ID 34, line 229, chars 11078-11144, hits: 2)
- IC 3440 -> Item 94
  - Refers to item: Statement (location: source ID 34, line 229, chars 11100-11144, hits: 2)
- IC 3467 -> Item 95
  - Refers to item: Line (location: source ID 34, line 230, chars 11154-11184, hits: 2)
- IC 3467 -> Item 96
  - Refers to item: Statement (location: source ID 34, line 230, chars 11154-11184, hits: 2)
- IC 3467 -> Item 97
  - Refers to item: Statement (location: source ID 34, line 230, chars 11161-11184, hits: 2)
- IC 1194 -> Item 98
  - Refers to item: Function "getInputAmountBasedOnOutput" (location: source ID 34, line 233, chars 11197-11581, hits: 0)
- IC 6104 -> Item 99
  - Refers to item: Line (location: source ID 34, line 244, chars 11485-11574, hits: 0)
- IC 6104 -> Item 100
  - Refers to item: Statement (location: source ID 34, line 244, chars 11485-11574, hits: 0)
- IC 6104 -> Item 101
  - Refers to item: Statement (location: source ID 34, line 244, chars 11492-11574, hits: 0)
- IC 602 -> Item 102
  - Refers to item: Function "swapExactInput" (location: source ID 34, line 247, chars 11587-12338, hits: 2)
- IC 1766 -> Item 103
  - Refers to item: Line (location: source ID 34, line 259, chars 11896-11955, hits: 2)
- IC 1766 -> Item 104
  - Refers to item: Statement (location: source ID 34, line 259, chars 11896-11955, hits: 2)
- IC 1768 -> Item 105
  - Refers to item: Statement (location: source ID 34, line 259, chars 11920-11955, hits: 2)
- IC 1892 -> Item 106
  - Refers to item: Line (location: source ID 34, line 260, chars 11965-12026, hits: 2)
- IC 1892 -> Item 107
  - Refers to item: Statement (location: source ID 34, line 260, chars 11965-12026, hits: 2)
- IC 1894 -> Item 108
  - Refers to item: Statement (location: source ID 34, line 260, chars 11990-12026, hits: 2)
- IC 2018 -> Item 109
  - Refers to item: Line (location: source ID 34, line 262, chars 12037-12131, hits: 2)
- IC 2018 -> Item 110
  - Refers to item: Statement (location: source ID 34, line 262, chars 12037-12131, hits: 2)
- IC 2020 -> Item 111
  - Refers to item: Statement (location: source ID 34, line 262, chars 12060-12131, hits: 2)
- IC 2033 -> Item 112
  - Refers to item: Line (location: source ID 34, line 264, chars 12146-12176, hits: 2)
- IC 2033 -> Item 113
  - Refers to item: Statement (location: source ID 34, line 264, chars 12146-12176, hits: 2)
- IC 2041 -> Item 114
  - Refers to item: Branch (branch: 6, path: 0) (location: source ID 34, line 264, chars 12142-12264, hits: 0)
- IC 2103 -> Item 115
  - Refers to item: Branch (branch: 6, path: 1) (location: source ID 34, line 264, chars 12142-12264, hits: 2)
- IC 2041 -> Item 116
  - Refers to item: Line (location: source ID 34, line 265, chars 12192-12253, hits: 0)
- IC 2041 -> Item 117
  - Refers to item: Statement (location: source ID 34, line 265, chars 12192-12253, hits: 0)
- IC 2104 -> Item 118
  - Refers to item: Line (location: source ID 34, line 268, chars 12274-12331, hits: 2)
- IC 2104 -> Item 119
  - Refers to item: Statement (location: source ID 34, line 268, chars 12274-12331, hits: 2)
- IC 728 -> Item 120
  - Refers to item: Function "swapExactOutput" (location: source ID 34, line 271, chars 12344-12930, hits: 0)
- IC 2995 -> Item 121
  - Refers to item: Line (location: source ID 34, line 282, chars 12628-12687, hits: 0)
- IC 2995 -> Item 122
  - Refers to item: Statement (location: source ID 34, line 282, chars 12628-12687, hits: 0)
- IC 2997 -> Item 123
  - Refers to item: Statement (location: source ID 34, line 282, chars 12652-12687, hits: 0)
- IC 3121 -> Item 124
  - Refers to item: Line (location: source ID 34, line 283, chars 12697-12758, hits: 0)
- IC 3121 -> Item 125
  - Refers to item: Statement (location: source ID 34, line 283, chars 12697-12758, hits: 0)
- IC 3123 -> Item 126
  - Refers to item: Statement (location: source ID 34, line 283, chars 12722-12758, hits: 0)
- IC 3247 -> Item 127
  - Refers to item: Line (location: source ID 34, line 285, chars 12769-12855, hits: 0)
- IC 3247 -> Item 128
  - Refers to item: Statement (location: source ID 34, line 285, chars 12769-12855, hits: 0)
- IC 3260 -> Item 129
  - Refers to item: Line (location: source ID 34, line 287, chars 12866-12923, hits: 0)
- IC 3260 -> Item 130
  - Refers to item: Statement (location: source ID 34, line 287, chars 12866-12923, hits: 0)
- IC 554 -> Item 131
  - Refers to item: Function "sellPoolTokens" (location: source ID 34, line 295, chars 13164-13358, hits: 0)
- IC 1532 -> Item 132
  - Refers to item: Line (location: source ID 34, line 296, chars 13261-13351, hits: 0)
- IC 1532 -> Item 133
  - Refers to item: Statement (location: source ID 34, line 296, chars 13261-13351, hits: 0)
- IC 1532 -> Item 134
  - Refers to item: Statement (location: source ID 34, line 296, chars 13268-13351, hits: 0)
- IC 6592 -> Item 135
  - Refers to item: Function "_swap" (location: source ID 34, line 308, chars 13897-14562, hits: 2)
- IC 6593 -> Item 136
  - Refers to item: Line (location: source ID 34, line 309, chars 14016-14094, hits: 2)
- IC 6593 -> Item 137
  - Refers to item: Statement (location: source ID 34, line 309, chars 14016-14094, hits: 2)
- IC 6593 -> Item 138
  - Refers to item: Statement (location: source ID 34, line 309, chars 14016-14065, hits: 2)
- IC 6593 -> Item 139
  - Refers to item: Statement (location: source ID 34, line 309, chars 14016-14038, hits: 2)
- IC 6608 -> Item 140
  - Refers to item: Statement (location: source ID 34, line 309, chars 14042-14065, hits: 2)
- IC 6624 -> Item 141
  - Refers to item: Statement (location: source ID 34, line 309, chars 14069-14094, hits: 2)
- IC 6677 -> Item 142
  - Refers to item: Branch (branch: 7, path: 0) (location: source ID 34, line 309, chars 14012-14153, hits: 0)
- IC 6726 -> Item 143
  - Refers to item: Branch (branch: 7, path: 1) (location: source ID 34, line 309, chars 14012-14153, hits: 2)
- IC 6677 -> Item 144
  - Refers to item: Line (location: source ID 34, line 310, chars 14110-14142, hits: 0)
- IC 6677 -> Item 145
  - Refers to item: Statement (location: source ID 34, line 310, chars 14110-14142, hits: 0)
- IC 6727 -> Item 146
  - Refers to item: Line (location: source ID 34, line 313, chars 14163-14175, hits: 2)
- IC 6727 -> Item 147
  - Refers to item: Statement (location: source ID 34, line 313, chars 14163-14175, hits: 2)
- IC 6753 -> Item 148
  - Refers to item: Line (location: source ID 34, line 314, chars 14189-14217, hits: 2)
- IC 6753 -> Item 149
  - Refers to item: Statement (location: source ID 34, line 314, chars 14189-14217, hits: 2)
- IC 6761 -> Item 150
  - Refers to item: Branch (branch: 8, path: 0) (location: source ID 34, line 314, chars 14185-14335, hits: 0)
- IC 6820 -> Item 151
  - Refers to item: Branch (branch: 8, path: 1) (location: source ID 34, line 314, chars 14185-14335, hits: 2)
- IC 6761 -> Item 152
  - Refers to item: Line (location: source ID 34, line 315, chars 14233-14247, hits: 0)
- IC 6761 -> Item 153
  - Refers to item: Statement (location: source ID 34, line 315, chars 14233-14247, hits: 0)
- IC 6769 -> Item 154
  - Refers to item: Line (location: source ID 34, line 316, chars 14261-14324, hits: 0)
- IC 6769 -> Item 155
  - Refers to item: Statement (location: source ID 34, line 316, chars 14261-14324, hits: 0)
- IC 6821 -> Item 156
  - Refers to item: Line (location: source ID 34, line 318, chars 14344-14417, hits: 2)
- IC 6821 -> Item 157
  - Refers to item: Statement (location: source ID 34, line 318, chars 14344-14417, hits: 2)
- IC 6905 -> Item 158
  - Refers to item: Line (location: source ID 34, line 320, chars 14428-14495, hits: 2)
- IC 6905 -> Item 159
  - Refers to item: Statement (location: source ID 34, line 320, chars 14428-14495, hits: 2)
- IC 6950 -> Item 160
  - Refers to item: Line (location: source ID 34, line 321, chars 14505-14555, hits: 2)
- IC 6950 -> Item 161
  - Refers to item: Statement (location: source ID 34, line 321, chars 14505-14555, hits: 2)
- IC 8524 -> Item 162
  - Refers to item: Function "_isUnknown" (location: source ID 34, line 324, chars 14568-14754, hits: 4)
- IC 8527 -> Item 163
  - Refers to item: Line (location: source ID 34, line 325, chars 14644-14688, hits: 4)
- IC 8527 -> Item 164
  - Refers to item: Statement (location: source ID 34, line 325, chars 14644-14688, hits: 4)
- IC 8527 -> Item 165
  - Refers to item: Statement (location: source ID 34, line 325, chars 14644-14664, hits: 4)
- IC 8614 -> Item 166
  - Refers to item: Statement (location: source ID 34, line 325, chars 14668-14688, hits: 2)
- IC 8700 -> Item 167
  - Refers to item: Branch (branch: 9, path: 0) (location: source ID 34, line 325, chars 14640-14726, hits: 0)
- IC 8708 -> Item 168
  - Refers to item: Branch (branch: 9, path: 1) (location: source ID 34, line 325, chars 14640-14726, hits: 4)
- IC 8700 -> Item 169
  - Refers to item: Line (location: source ID 34, line 326, chars 14704-14715, hits: 0)
- IC 8700 -> Item 170
  - Refers to item: Statement (location: source ID 34, line 326, chars 14704-14715, hits: 0)
- IC 8709 -> Item 171
  - Refers to item: Line (location: source ID 34, line 328, chars 14735-14747, hits: 4)
- IC 8709 -> Item 172
  - Refers to item: Statement (location: source ID 34, line 328, chars 14735-14747, hits: 4)
- IC 1146 -> Item 173
  - Refers to item: Function "getPoolTokensToDepositBasedOnWeth" (location: source ID 34, line 334, chars 14951-15262, hits: 0)
- IC 5637 -> Item 174
  - Refers to item: Line (location: source ID 34, line 335, chars 15057-15121, hits: 0)
- IC 5637 -> Item 175
  - Refers to item: Statement (location: source ID 34, line 335, chars 15057-15121, hits: 0)
- IC 5638 -> Item 176
  - Refers to item: Statement (location: source ID 34, line 335, chars 15085-15121, hits: 0)
- IC 5794 -> Item 177
  - Refers to item: Line (location: source ID 34, line 336, chars 15131-15190, hits: 0)
- IC 5794 -> Item 178
  - Refers to item: Statement (location: source ID 34, line 336, chars 15131-15190, hits: 0)
- IC 5796 -> Item 179
  - Refers to item: Statement (location: source ID 34, line 336, chars 15154-15190, hits: 0)
- IC 5952 -> Item 180
  - Refers to item: Line (location: source ID 34, line 337, chars 15200-15255, hits: 0)
- IC 5952 -> Item 181
  - Refers to item: Statement (location: source ID 34, line 337, chars 15200-15255, hits: 0)
- IC 5952 -> Item 182
  - Refers to item: Statement (location: source ID 34, line 337, chars 15207-15255, hits: 0)
- IC 5953 -> Item 183
  - Refers to item: Statement (location: source ID 34, line 337, chars 15207-15240, hits: 0)
- IC 872 -> Item 184
  - Refers to item: Function "totalLiquidityTokenSupply" (location: source ID 34, line 341, chars 15351-15455, hits: 0)
- IC 3567 -> Item 185
  - Refers to item: Line (location: source ID 34, line 342, chars 15428-15448, hits: 8)
- IC 3567 -> Item 186
  - Refers to item: Statement (location: source ID 34, line 342, chars 15428-15448, hits: 8)
- IC 3567 -> Item 187
  - Refers to item: Statement (location: source ID 34, line 342, chars 15435-15448, hits: 8)
- IC 1068 -> Item 188
  - Refers to item: Function "getPoolToken" (location: source ID 34, line 345, chars 15461-15561, hits: 0)
- IC 5462 -> Item 189
  - Refers to item: Line (location: source ID 34, line 346, chars 15527-15554, hits: 0)
- IC 5462 -> Item 190
  - Refers to item: Statement (location: source ID 34, line 346, chars 15527-15554, hits: 0)
- IC 5462 -> Item 191
  - Refers to item: Statement (location: source ID 34, line 346, chars 15534-15554, hits: 0)
- IC 416 -> Item 192
  - Refers to item: Function "getWeth" (location: source ID 34, line 349, chars 15567-15662, hits: 0)
- IC 1426 -> Item 193
  - Refers to item: Line (location: source ID 34, line 350, chars 15628-15655, hits: 0)
- IC 1426 -> Item 194
  - Refers to item: Statement (location: source ID 34, line 350, chars 15628-15655, hits: 0)
- IC 1426 -> Item 195
  - Refers to item: Statement (location: source ID 34, line 350, chars 15635-15655, hits: 0)
- IC 650 -> Item 196
  - Refers to item: Function "getMinimumWethDepositAmount" (location: source ID 34, line 353, chars 15668-15785, hits: 0)
- IC 2137 -> Item 197
  - Refers to item: Line (location: source ID 34, line 354, chars 15749-15778, hits: 0)
- IC 2137 -> Item 198
  - Refers to item: Statement (location: source ID 34, line 354, chars 15749-15778, hits: 0)
- IC 930 -> Item 199
  - Refers to item: Function "getPriceOfOneWethInPoolTokens" (location: source ID 34, line 357, chars 15791-16019, hits: 0)
- IC 4617 -> Item 200
  - Refers to item: Line (location: source ID 34, line 358, chars 15874-16012, hits: 0)
- IC 4617 -> Item 201
  - Refers to item: Statement (location: source ID 34, line 358, chars 15874-16012, hits: 0)
- IC 4617 -> Item 202
  - Refers to item: Statement (location: source ID 34, line 358, chars 15881-16012, hits: 0)
- IC 1038 -> Item 203
  - Refers to item: Function "getPriceOfOnePoolTokenInWeth" (location: source ID 34, line 363, chars 16025-16252, hits: 0)
- IC 5130 -> Item 204
  - Refers to item: Line (location: source ID 34, line 364, chars 16107-16245, hits: 0)
- IC 5130 -> Item 205
  - Refers to item: Statement (location: source ID 34, line 364, chars 16107-16245, hits: 0)
- IC 5130 -> Item 206
  - Refers to item: Statement (location: source ID 34, line 364, chars 16114-16245, hits: 0)

